<!DOCTYPE html PUBLIC "-//W3C//DTD XHTML 1.1//EN" "http://www.w3.org/TR/xhtml11/DTD/xhtml11.dtd">
<html xmlns="http://www.w3.org/1999/xhtml">
<head>
<meta http-equiv="content-type" content="text/html; charset=UTF-8"/>
<title>TestNG Report</title>
<style type="text/css">table {margin-bottom:10px;border-collapse:collapse;empty-cells:show}th,td {border:1px solid #009;padding:.25em .5em}th {vertical-align:bottom}td {vertical-align:top}table a {font-weight:bold}.stripe td {background-color: #E6EBF9}.num {text-align:right}.passedodd td {background-color: #3F3}.passedeven td {background-color: #0A0}.skippedodd td {background-color: #DDD}.skippedeven td {background-color: #CCC}.failedodd td,.attn {background-color: #F33}.failedeven td,.stripe .attn {background-color: #D00}.stacktrace {white-space:pre;font-family:monospace}.totop {font-size:85%;text-align:center;border-bottom:2px solid #000}.invisible {display:none}</style>
</head>
<body>
<table>
<tr><th>Test</th><th># Passed</th><th># Skipped</th><th># Retried</th><th># Failed</th><th>Time (ms)</th><th>Included Groups</th><th>Excluded Groups</th></tr>
<tr><th colspan="8">Command line suite</th></tr>
<tr><td><a href="#t0">Command line test</a></td><td class="num">0</td><td class="num attn">8</td><td class="num">0</td><td class="num attn">2</td><td class="num">51</td><td></td><td></td></tr>
</table>
<table id='summary'><thead><tr><th>Class</th><th>Method</th><th>Start</th><th>Time (ms)</th></tr></thead><tbody><tr><th colspan="4">Command line suite</th></tr></tbody><tbody id="t0"><tr><th colspan="4">Command line test &#8212; failed (configuration methods)</th></tr><tr class="failedeven"><td rowspan="1">Try1.GmailTest</td><td><a href="#m0">setUp</a></td><td rowspan="1">1621549888838</td><td rowspan="1">-1621549888838</td></tr><tr><th colspan="4">Command line test &#8212; failed</th></tr><tr class="failedeven"><td rowspan="1">Try1.GmailTest</td><td><a href="#m1">gmailTest</a></td><td rowspan="1">1621549888856</td><td rowspan="1">0</td></tr><tr class="failedodd"><td rowspan="1">Try1.TestNgProject</td><td><a href="#m2">loginPage</a></td><td rowspan="1">1621549888882</td><td rowspan="1">0</td></tr><tr><th colspan="4">Command line test &#8212; skipped (configuration methods)</th></tr><tr class="skippedeven"><td rowspan="1">Try1.GmailTest</td><td><a href="#m3">tearDown</a></td><td rowspan="1">1621549888886</td><td rowspan="1">-1621549888886</td></tr><tr class="skippedodd"><td rowspan="9">Try1.TestNGAnnotations</td><td><a href="#m4">testAfterClass</a></td><td rowspan="1">1621549888872</td><td rowspan="1">-1621549888872</td></tr><tr class="skippedodd"><td><a href="#m5">testAfterMethod</a></td><td rowspan="2">1621549888871</td><td rowspan="2">-1621549888871</td></tr><tr class="skippedodd"><td><a href="#m6">testAfterMethod</a></td></tr><tr class="skippedodd"><td><a href="#m7">testAfterSuite</a></td><td rowspan="1">1621549889180</td><td rowspan="1">-1621549889180</td></tr><tr class="skippedodd"><td><a href="#m8">testAfterTest</a></td><td rowspan="1">1621549888887</td><td rowspan="1">-1621549888887</td></tr><tr class="skippedodd"><td><a href="#m9">testBeforeClass</a></td><td rowspan="1">1621549888862</td><td rowspan="1">-1621549888862</td></tr><tr class="skippedodd"><td><a href="#m10">testBeforeTest</a></td><td rowspan="1">1621549888843</td><td rowspan="1">-1621549888843</td></tr><tr class="skippedodd"><td><a href="#m11">testabeforeMethod</a></td><td rowspan="2">1621549888871</td><td rowspan="2">-1621549888871</td></tr><tr class="skippedodd"><td><a href="#m12">testabeforeMethod</a></td></tr><tr class="skippedeven"><td rowspan="2">Try1.TestNgProject</td><td><a href="#m13">setUp</a></td><td rowspan="1">1621549888880</td><td rowspan="1">-1621549888880</td></tr><tr class="skippedeven"><td><a href="#m14">tearDown</a></td><td rowspan="1">1621549888886</td><td rowspan="1">-1621549888886</td></tr><tr><th colspan="4">Command line test &#8212; skipped</th></tr><tr class="skippedeven"><td rowspan="2">Try1.TestNGAnnotations</td><td><a href="#m15">test1</a></td><td rowspan="1">1621549888869</td><td rowspan="1">0</td></tr><tr class="skippedeven"><td><a href="#m16">test2</a></td><td rowspan="1">1621549888871</td><td rowspan="1">0</td></tr><tr class="skippedodd"><td rowspan="6">Try1.TestNgPractice</td><td><a href="#m17">testTestNg1</a></td><td rowspan="1">1621549888879</td><td rowspan="1">0</td></tr><tr class="skippedodd"><td><a href="#m18">testTestNg2</a></td><td rowspan="1">1621549888872</td><td rowspan="1">0</td></tr><tr class="skippedodd"><td><a href="#m19">testTestNg3</a></td><td rowspan="1">1621549888873</td><td rowspan="1">0</td></tr><tr class="skippedodd"><td><a href="#m20">testTestNg4</a></td><td rowspan="1">1621549888874</td><td rowspan="1">0</td></tr><tr class="skippedodd"><td><a href="#m21">testTestNg5</a></td><td rowspan="1">1621549888875</td><td rowspan="1">0</td></tr><tr class="skippedodd"><td><a href="#m22">testTestNg6</a></td><td rowspan="1">1621549888876</td><td rowspan="1">0</td></tr></tbody>
</table>
<h2>Command line test</h2><h3 id="m0">Try1.GmailTest#setUp</h3><table class="result"><tr><th>Exception</th></tr><tr><td><div class="stacktrace">org.testng.TestNGException: 
Parameter &apos;browser&apos; is required by BeforeTest on method setUp but has not been marked @Optional or defined

... Removed 31 stack frames</div></td></tr></table><p class="totop"><a href="#summary">back to summary</a></p>
<h3 id="m1">Try1.GmailTest#gmailTest</h3><table class="result"><tr><th>Exception</th></tr><tr><td><div class="stacktrace">org.testng.TestNGException: 
Method gmailTest requires 2 parameters but 1 were supplied in the @Test annotation.
	at java.util.ArrayList.forEach(ArrayList.java:1259)
... Removed 36 stack frames</div></td></tr></table><p class="totop"><a href="#summary">back to summary</a></p>
<h3 id="m2">Try1.TestNgProject#loginPage</h3><table class="result"><tr><th>Exception</th></tr><tr><td><div class="stacktrace">org.testng.TestNGException: 
Parameter &apos;userName&apos; is required by @Test on method loginPage but has not been marked @Optional or defined

	at java.util.ArrayList.forEach(ArrayList.java:1259)
... Removed 36 stack frames</div></td></tr></table><p class="totop"><a href="#summary">back to summary</a></p>
<h3 id="m3">Try1.GmailTest#tearDown</h3><table class="result"><tr><th class="invisible"/></tr></table><p class="totop"><a href="#summary">back to summary</a></p>
<h3 id="m4">Try1.TestNGAnnotations#testAfterClass</h3><table class="result"><tr><th class="invisible"/></tr></table><p class="totop"><a href="#summary">back to summary</a></p>
<h3 id="m5">Try1.TestNGAnnotations#testAfterMethod</h3><table class="result"><tr><th class="invisible"/></tr></table><p class="totop"><a href="#summary">back to summary</a></p>
<h3 id="m6">Try1.TestNGAnnotations#testAfterMethod</h3><table class="result"><tr><th class="invisible"/></tr></table><p class="totop"><a href="#summary">back to summary</a></p>
<h3 id="m7">Try1.TestNGAnnotations#testAfterSuite</h3><table class="result"><tr><th class="invisible"/></tr></table><p class="totop"><a href="#summary">back to summary</a></p>
<h3 id="m8">Try1.TestNGAnnotations#testAfterTest</h3><table class="result"><tr><th class="invisible"/></tr></table><p class="totop"><a href="#summary">back to summary</a></p>
<h3 id="m9">Try1.TestNGAnnotations#testBeforeClass</h3><table class="result"><tr><th class="invisible"/></tr></table><p class="totop"><a href="#summary">back to summary</a></p>
<h3 id="m10">Try1.TestNGAnnotations#testBeforeTest</h3><table class="result"><tr><th class="invisible"/></tr></table><p class="totop"><a href="#summary">back to summary</a></p>
<h3 id="m11">Try1.TestNGAnnotations#testabeforeMethod</h3><table class="result"><tr><th class="invisible"/></tr></table><p class="totop"><a href="#summary">back to summary</a></p>
<h3 id="m12">Try1.TestNGAnnotations#testabeforeMethod</h3><table class="result"><tr><th class="invisible"/></tr></table><p class="totop"><a href="#summary">back to summary</a></p>
<h3 id="m13">Try1.TestNgProject#setUp</h3><table class="result"><tr><th class="invisible"/></tr></table><p class="totop"><a href="#summary">back to summary</a></p>
<h3 id="m14">Try1.TestNgProject#tearDown</h3><table class="result"><tr><th class="invisible"/></tr></table><p class="totop"><a href="#summary">back to summary</a></p>
<h3 id="m15">Try1.TestNGAnnotations#test1</h3><table class="result"><tr><th>Exception</th></tr><tr><td><div class="stacktrace">org.testng.TestNGException: 
Parameter &apos;browser&apos; is required by BeforeTest on method setUp but has not been marked @Optional or defined

... Removed 31 stack frames</div></td></tr></table><p class="totop"><a href="#summary">back to summary</a></p>
<h3 id="m16">Try1.TestNGAnnotations#test2</h3><table class="result"><tr><th>Exception</th></tr><tr><td><div class="stacktrace">org.testng.TestNGException: 
Parameter &apos;browser&apos; is required by BeforeTest on method setUp but has not been marked @Optional or defined

... Removed 31 stack frames</div></td></tr></table><p class="totop"><a href="#summary">back to summary</a></p>
<h3 id="m17">Try1.TestNgPractice#testTestNg1</h3><table class="result"><tr><th>Exception</th></tr><tr><td><div class="stacktrace">java.lang.Throwable: Method TestNgPractice.testTestNg1()[pri:0, instance:Try1.TestNgPractice@cb644e] depends on not successfully finished methods
	at java.util.ArrayList.forEach(ArrayList.java:1259)
... Removed 28 stack frames</div></td></tr></table><p class="totop"><a href="#summary">back to summary</a></p>
<h3 id="m18">Try1.TestNgPractice#testTestNg2</h3><table class="result"><tr><th>Exception</th></tr><tr><td><div class="stacktrace">org.testng.TestNGException: 
Parameter &apos;browser&apos; is required by BeforeTest on method setUp but has not been marked @Optional or defined

... Removed 31 stack frames</div></td></tr></table><p class="totop"><a href="#summary">back to summary</a></p>
<h3 id="m19">Try1.TestNgPractice#testTestNg3</h3><table class="result"><tr><th>Exception</th></tr><tr><td><div class="stacktrace">org.testng.TestNGException: 
Parameter &apos;browser&apos; is required by BeforeTest on method setUp but has not been marked @Optional or defined

... Removed 31 stack frames</div></td></tr></table><p class="totop"><a href="#summary">back to summary</a></p>
<h3 id="m20">Try1.TestNgPractice#testTestNg4</h3><table class="result"><tr><th>Exception</th></tr><tr><td><div class="stacktrace">org.testng.TestNGException: 
Parameter &apos;browser&apos; is required by BeforeTest on method setUp but has not been marked @Optional or defined

... Removed 31 stack frames</div></td></tr></table><p class="totop"><a href="#summary">back to summary</a></p>
<h3 id="m21">Try1.TestNgPractice#testTestNg5</h3><table class="result"><tr><th>Exception</th></tr><tr><td><div class="stacktrace">org.testng.TestNGException: 
Parameter &apos;browser&apos; is required by BeforeTest on method setUp but has not been marked @Optional or defined

... Removed 31 stack frames</div></td></tr></table><p class="totop"><a href="#summary">back to summary</a></p>
<h3 id="m22">Try1.TestNgPractice#testTestNg6</h3><table class="result"><tr><th>Exception</th></tr><tr><td><div class="stacktrace">org.testng.TestNGException: 
Parameter &apos;browser&apos; is required by BeforeTest on method setUp but has not been marked @Optional or defined

... Removed 31 stack frames</div></td></tr></table><p class="totop"><a href="#summary">back to summary</a></p>
</body>
</html>
