<?xml version="1.0" encoding="UTF-8"?>
<!-- Generated by org.testng.reporters.JUnitXMLReporter -->
<testsuite hostname="Rajasundarams-iMac.local" ignored="0" name="Command line test" tests="10" failures="2" timestamp="2021-05-20T23:31:29 BST" time="0.051" errors="0">
  <testcase name="@BeforeTest setUp" time="-1.621549888838E9" classname="Try1.GmailTest">
    <failure type="org.testng.TestNGException" message="
Parameter &amp;apos;browser&amp;apos; is required by BeforeTest on method setUp but has not been marked @Optional or defined
">
      <![CDATA[org.testng.TestNGException: 
Parameter 'browser' is required by BeforeTest on method setUp but has not been marked @Optional or defined

... Removed 31 stack frames]]>
    </failure>
  </testcase> <!-- @BeforeTest setUp -->
  <testcase name="@BeforeTest testBeforeTest" time="-1.621549888843E9" classname="Try1.TestNGAnnotations">
    <skipped/>
  </testcase> <!-- @BeforeTest testBeforeTest -->
  <testcase name="@BeforeClass testBeforeClass" time="-1.621549888862E9" classname="Try1.TestNGAnnotations">
    <skipped/>
  </testcase> <!-- @BeforeClass testBeforeClass -->
  <testcase name="@BeforeMethod testabeforeMethod" time="-1.621549888869E9" classname="Try1.TestNGAnnotations">
    <skipped/>
  </testcase> <!-- @BeforeMethod testabeforeMethod -->
  <testcase name="@AfterMethod testAfterMethod" time="-1.62154988887E9" classname="Try1.TestNGAnnotations">
    <skipped/>
  </testcase> <!-- @AfterMethod testAfterMethod -->
  <testcase name="@BeforeMethod testabeforeMethod" time="-1.621549888871E9" classname="Try1.TestNGAnnotations">
    <skipped/>
  </testcase> <!-- @BeforeMethod testabeforeMethod -->
  <testcase name="@AfterMethod testAfterMethod" time="-1.621549888871E9" classname="Try1.TestNGAnnotations">
    <skipped/>
  </testcase> <!-- @AfterMethod testAfterMethod -->
  <testcase name="@AfterClass testAfterClass" time="-1.621549888872E9" classname="Try1.TestNGAnnotations">
    <skipped/>
  </testcase> <!-- @AfterClass testAfterClass -->
  <testcase name="@BeforeClass setUp" time="-1.62154988888E9" classname="Try1.TestNgProject">
    <skipped/>
  </testcase> <!-- @BeforeClass setUp -->
  <testcase name="@AfterClass tearDown" time="-1.621549888886E9" classname="Try1.TestNgProject">
    <skipped/>
  </testcase> <!-- @AfterClass tearDown -->
  <testcase name="@AfterTest tearDown" time="-1.621549888886E9" classname="Try1.GmailTest">
    <skipped/>
  </testcase> <!-- @AfterTest tearDown -->
  <testcase name="@AfterTest testAfterTest" time="-1.621549888887E9" classname="Try1.TestNGAnnotations">
    <skipped/>
  </testcase> <!-- @AfterTest testAfterTest -->
  <testcase name="gmailTest" time="0.0" classname="Try1.GmailTest">
    <failure type="org.testng.TestNGException" message="
Method gmailTest requires 2 parameters but 1 were supplied in the @Test annotation.">
      <![CDATA[org.testng.TestNGException: 
Method gmailTest requires 2 parameters but 1 were supplied in the @Test annotation.
at java.util.ArrayList.forEach(ArrayList.java:1259)
... Removed 36 stack frames]]>
    </failure>
  </testcase> <!-- gmailTest -->
  <testcase name="test1" time="0.0" classname="Try1.TestNGAnnotations">
    <skipped/>
  </testcase> <!-- test1 -->
  <testcase name="test2" time="0.0" classname="Try1.TestNGAnnotations">
    <skipped/>
  </testcase> <!-- test2 -->
  <testcase name="testTestNg2" time="0.0" classname="Try1.TestNgPractice">
    <skipped/>
  </testcase> <!-- testTestNg2 -->
  <testcase name="testTestNg3" time="0.0" classname="Try1.TestNgPractice">
    <skipped/>
  </testcase> <!-- testTestNg3 -->
  <testcase name="testTestNg4" time="0.0" classname="Try1.TestNgPractice">
    <skipped/>
  </testcase> <!-- testTestNg4 -->
  <testcase name="testTestNg5" time="0.0" classname="Try1.TestNgPractice">
    <skipped/>
  </testcase> <!-- testTestNg5 -->
  <testcase name="testTestNg6" time="0.0" classname="Try1.TestNgPractice">
    <skipped/>
  </testcase> <!-- testTestNg6 -->
  <testcase name="testTestNg1" time="0.0" classname="Try1.TestNgPractice">
    <skipped/>
  </testcase> <!-- testTestNg1 -->
  <testcase name="loginPage" time="0.0" classname="Try1.TestNgProject">
    <failure type="org.testng.TestNGException" message="
Parameter &amp;apos;userName&amp;apos; is required by @Test on method loginPage but has not been marked @Optional or defined
">
      <![CDATA[org.testng.TestNGException: 
Parameter 'userName' is required by @Test on method loginPage but has not been marked @Optional or defined

at java.util.ArrayList.forEach(ArrayList.java:1259)
... Removed 36 stack frames]]>
    </failure>
  </testcase> <!-- loginPage -->
</testsuite> <!-- Command line test -->
